2018-03-16 17:42:36,066 [INFO ] (ComputerDAO.java:updateComputer:151) computer updated
2018-03-16 17:43:41,706 [INFO ] (ComputerDAO.java:createComputer:105) computer added with id : 779
2018-03-19 09:38:10,880 [INFO ] (ComputerDAO.java:createComputer:105) computer added with id : 780
2018-03-19 10:43:16,663 [INFO ] (ComputerDAO.java:createComputer:106) computer added with id : 781
2018-03-19 10:43:45,242 [INFO ] (ComputerDAO.java:deleteComputer:173) computer deleted
2018-03-19 10:44:29,353 [INFO ] (ComputerDAO.java:createComputer:106) computer added with id : 782
2018-03-19 10:48:01,731 [INFO ] (ComputerDAO.java:deleteComputer:173) computer deleted
2018-03-19 10:48:08,747 [INFO ] (ComputerDAO.java:deleteComputer:175) computer not deleted
2018-03-19 10:57:26,233 [INFO ] (ComputerDAO.java:deleteComputer:173) computer deleted
2018-03-19 11:04:09,703 [INFO ] (ComputerDAO.java:updateComputer:152) computer updated
2018-03-19 11:18:33,133 [INFO ] (ComputerDAO.java:createComputer:106) computer added with id : 784
2018-03-19 11:21:02,495 [INFO ] (ComputerDAO.java:createComputer:106) computer added with id : 785
2018-03-19 12:26:59,985 [INFO ] (ComputerDAO.java:updateComputer:152) computer updated
2018-03-19 12:27:00,019 [INFO ] (ComputerDAO.java:createComputer:106) computer added with id : 786
2018-03-19 12:27:00,057 [INFO ] (ComputerDAO.java:deleteComputer:175) computer not deleted
2018-03-19 12:30:13,589 [INFO ] (ComputerDAO.java:updateComputer:152) computer updated
2018-03-19 12:30:13,608 [INFO ] (ComputerDAO.java:createComputer:106) computer added with id : 787
2018-03-19 12:30:13,623 [INFO ] (ComputerDAO.java:deleteComputer:175) computer not deleted
2018-03-19 14:33:16,585 [INFO ] (ComputerDAO.java:updateComputer:152) computer updated
2018-03-19 14:33:16,624 [INFO ] (ComputerDAO.java:createComputer:106) computer added with id : 788
2018-03-19 14:33:16,654 [INFO ] (ComputerDAO.java:deleteComputer:175) computer not deleted
2018-03-19 14:46:00,766 [INFO ] (ComputerDAO.java:updateComputer:152) computer updated
2018-03-19 14:46:00,781 [INFO ] (ComputerDAO.java:createComputer:106) computer added with id : 789
2018-03-19 14:46:00,794 [INFO ] (ComputerDAO.java:deleteComputer:175) computer not deleted
2018-03-19 14:46:22,940 [INFO ] (ComputerDAO.java:updateComputer:152) computer updated
2018-03-19 14:46:22,954 [INFO ] (ComputerDAO.java:createComputer:106) computer added with id : 790
2018-03-19 14:46:22,970 [INFO ] (ComputerDAO.java:deleteComputer:175) computer not deleted
2018-03-19 16:17:59,253 [INFO ] (?:logInfoEvent:?) Checkpoint start
2018-03-19 16:17:59,255 [INFO ] (?:logInfoEvent:?) checkpointClose start
2018-03-19 16:17:59,262 [INFO ] (?:logInfoEvent:?) checkpointClose synched
2018-03-19 16:17:59,272 [INFO ] (?:logInfoEvent:?) checkpointClose script done
2018-03-19 16:17:59,284 [INFO ] (?:logInfoEvent:?) checkpointClose end
2018-03-19 16:17:59,284 [INFO ] (?:logInfoEvent:?) Checkpoint end - txts: 1
2018-03-19 16:19:00,509 [INFO ] (?:logInfoEvent:?) Checkpoint start
2018-03-19 16:19:00,510 [INFO ] (?:logInfoEvent:?) checkpointClose start
2018-03-19 16:19:00,515 [INFO ] (?:logInfoEvent:?) checkpointClose synched
2018-03-19 16:19:00,523 [INFO ] (?:logInfoEvent:?) checkpointClose script done
2018-03-19 16:19:00,539 [INFO ] (?:logInfoEvent:?) checkpointClose end
2018-03-19 16:19:00,540 [INFO ] (?:logInfoEvent:?) Checkpoint end - txts: 1
2018-03-20 15:43:10,414 [INFO ] (SQLConnection.java:closeConnection:69) Could not create connection to database server.
2018-03-20 15:44:15,822 [INFO ] (SQLConnection.java:closeConnection:69) Could not create connection to database server.
2018-03-20 15:48:06,333 [INFO ] (SQLConnection.java:closeConnection:69) Could not create connection to database server.
2018-03-20 15:48:12,483 [INFO ] (SQLConnection.java:closeConnection:69) Could not create connection to database server.
2018-03-20 15:49:39,818 [INFO ] (SQLConnection.java:closeConnection:69) Could not create connection to database server.
2018-03-20 16:01:24,968 [INFO ] (SQLConnection.java:closeConnection:69) Could not create connection to database server.
2018-03-20 16:04:17,303 [INFO ] (SQLConnection.java:closeConnection:69) Could not create connection to database server.
2018-03-20 16:04:51,858 [INFO ] (SQLConnection.java:closeConnection:69) Could not create connection to database server.
2018-03-20 16:10:42,378 [INFO ] (SQLConnection.java:closeConnection:69) Could not create connection to database server.
2018-03-20 16:25:23,431 [INFO ] (SQLConnection.java:closeConnection:69) Could not create connection to database server.
2018-03-20 16:33:19,011 [INFO ] (ComputerDAO.java:deleteComputer:176) computer deleted
2018-03-20 16:55:19,068 [INFO ] (ComputerDAO.java:createComputer:109) computer added with id : 791
2018-03-20 17:11:05,634 [INFO ] (ComputerService.java:createComputer:67) ID not valid \n
2018-03-20 17:14:06,664 [INFO ] (ComputerDAO.java:createComputer:106) computer added with id : 792
2018-03-20 17:35:40,451 [INFO ] (ComputerDAO.java:createComputer:106) computer added with id : 793
2018-03-20 17:36:35,193 [INFO ] (ComputerDAO.java:createComputer:106) computer added with id : 794
2018-03-20 17:36:56,723 [INFO ] (ComputerDAO.java:createComputer:106) computer added with id : 795
2018-03-20 17:38:35,304 [INFO ] (ComputerDAO.java:updateComputer:151) computer updated
2018-03-20 17:38:35,325 [INFO ] (ComputerDAO.java:createComputer:106) computer added with id : 796
2018-03-20 17:38:35,355 [INFO ] (ComputerDAO.java:deleteComputer:173) computer not deleted
2018-03-21 10:17:49,057 [INFO ] (ComputerDAO.java:updateComputer:151) computer updated
2018-03-21 10:17:49,070 [INFO ] (ComputerDAO.java:createComputer:106) computer added with id : 797
2018-03-21 10:17:49,085 [INFO ] (ComputerDAO.java:deleteComputer:173) computer not deleted
2018-03-21 10:51:23,745 [INFO ] (ComputerDAO.java:updateComputer:151) computer updated
2018-03-21 10:51:23,757 [INFO ] (ComputerDAO.java:createComputer:106) computer added with id : 798
2018-03-21 10:51:23,774 [INFO ] (ComputerDAO.java:deleteComputer:173) computer not deleted
2018-03-21 10:53:17,038 [INFO ] (ComputerDAO.java:updateComputer:151) computer updated
2018-03-21 10:53:17,049 [INFO ] (ComputerDAO.java:createComputer:106) computer added with id : 799
2018-03-21 10:53:17,066 [INFO ] (ComputerDAO.java:deleteComputer:173) computer not deleted
2018-03-21 10:54:28,271 [INFO ] (ComputerDAO.java:updateComputer:151) computer updated
2018-03-21 10:54:28,284 [INFO ] (ComputerDAO.java:createComputer:106) computer added with id : 800
2018-03-21 10:54:28,302 [INFO ] (ComputerDAO.java:deleteComputer:173) computer not deleted
2018-03-21 10:56:14,545 [INFO ] (ComputerDAO.java:updateComputer:151) computer updated
2018-03-21 10:56:14,557 [INFO ] (ComputerDAO.java:createComputer:106) computer added with id : 801
2018-03-21 10:56:14,571 [INFO ] (ComputerDAO.java:deleteComputer:173) computer not deleted
2018-03-21 10:56:37,419 [INFO ] (ComputerDAO.java:updateComputer:151) computer updated
2018-03-21 10:56:37,431 [INFO ] (ComputerDAO.java:createComputer:106) computer added with id : 802
2018-03-21 10:56:37,450 [INFO ] (ComputerDAO.java:deleteComputer:173) computer not deleted
2018-03-21 10:56:55,072 [INFO ] (ComputerDAO.java:updateComputer:151) computer updated
2018-03-21 10:56:55,084 [INFO ] (ComputerDAO.java:createComputer:106) computer added with id : 803
2018-03-21 10:56:55,103 [INFO ] (ComputerDAO.java:deleteComputer:173) computer not deleted
2018-03-21 10:57:01,565 [INFO ] (ComputerDAO.java:updateComputer:151) computer updated
2018-03-21 10:57:01,578 [INFO ] (ComputerDAO.java:createComputer:106) computer added with id : 804
2018-03-21 10:57:01,600 [INFO ] (ComputerDAO.java:deleteComputer:173) computer not deleted
2018-03-21 10:59:18,934 [INFO ] (ComputerDAO.java:updateComputer:151) computer updated
2018-03-21 10:59:18,944 [INFO ] (ComputerDAO.java:createComputer:106) computer added with id : 805
2018-03-21 10:59:18,960 [INFO ] (ComputerDAO.java:deleteComputer:173) computer not deleted
2018-03-21 11:05:00,170 [INFO ] (ComputerDAO.java:updateComputer:151) computer updated
2018-03-21 11:05:00,180 [INFO ] (ComputerDAO.java:createComputer:106) computer added with id : 806
2018-03-21 11:05:00,195 [INFO ] (ComputerDAO.java:deleteComputer:173) computer not deleted
2018-03-21 11:08:25,605 [INFO ] (ComputerDAO.java:updateComputer:151) computer updated
2018-03-21 11:08:25,615 [INFO ] (ComputerDAO.java:createComputer:106) computer added with id : 807
2018-03-21 11:08:25,630 [INFO ] (ComputerDAO.java:deleteComputer:173) computer not deleted
2018-03-21 11:11:00,001 [INFO ] (ComputerDAO.java:updateComputer:151) computer updated
2018-03-21 11:11:00,011 [INFO ] (ComputerDAO.java:createComputer:106) computer added with id : 808
2018-03-21 11:11:00,026 [INFO ] (ComputerDAO.java:deleteComputer:173) computer not deleted
2018-03-21 11:14:00,074 [INFO ] (ComputerDAO.java:updateComputer:151) computer updated
2018-03-21 11:14:00,085 [INFO ] (ComputerDAO.java:createComputer:106) computer added with id : 809
2018-03-21 11:14:00,098 [INFO ] (ComputerDAO.java:deleteComputer:173) computer not deleted
2018-03-21 11:14:38,244 [INFO ] (ComputerDAO.java:updateComputer:151) computer updated
2018-03-21 11:14:38,256 [INFO ] (ComputerDAO.java:createComputer:106) computer added with id : 810
2018-03-21 11:14:38,270 [INFO ] (ComputerDAO.java:deleteComputer:173) computer not deleted
2018-03-21 11:17:00,372 [INFO ] (ComputerDAO.java:updateComputer:151) computer updated
2018-03-21 11:17:00,384 [INFO ] (ComputerDAO.java:createComputer:106) computer added with id : 811
2018-03-21 11:17:00,403 [INFO ] (ComputerDAO.java:deleteComputer:173) computer not deleted
2018-03-21 11:18:57,260 [INFO ] (ComputerDAO.java:updateComputer:151) computer updated
2018-03-21 11:18:57,274 [INFO ] (ComputerDAO.java:createComputer:106) computer added with id : 812
2018-03-21 11:18:57,290 [INFO ] (ComputerDAO.java:deleteComputer:173) computer not deleted
2018-03-21 11:22:29,075 [INFO ] (ComputerDAO.java:updateComputer:151) computer updated
2018-03-21 11:22:29,085 [INFO ] (ComputerDAO.java:createComputer:106) computer added with id : 813
2018-03-21 11:22:29,099 [INFO ] (ComputerDAO.java:deleteComputer:173) computer not deleted
2018-03-21 11:23:24,456 [INFO ] (ComputerDAO.java:updateComputer:151) computer updated
2018-03-21 11:23:24,468 [INFO ] (ComputerDAO.java:createComputer:106) computer added with id : 814
2018-03-21 11:23:24,483 [INFO ] (ComputerDAO.java:deleteComputer:173) computer not deleted
2018-03-21 11:24:19,678 [INFO ] (ComputerDAO.java:updateComputer:151) computer updated
2018-03-21 11:24:19,690 [INFO ] (ComputerDAO.java:createComputer:106) computer added with id : 815
2018-03-21 11:24:19,710 [INFO ] (ComputerDAO.java:deleteComputer:173) computer not deleted
2018-03-21 11:27:14,355 [INFO ] (ComputerDAO.java:updateComputer:151) computer updated
2018-03-21 11:27:14,366 [INFO ] (ComputerDAO.java:createComputer:106) computer added with id : 816
2018-03-21 11:27:14,395 [INFO ] (ComputerDAO.java:deleteComputer:173) computer not deleted
2018-03-21 11:28:02,248 [INFO ] (ComputerDAO.java:updateComputer:151) computer updated
2018-03-21 11:28:02,259 [INFO ] (ComputerDAO.java:createComputer:106) computer added with id : 817
2018-03-21 11:28:02,277 [INFO ] (ComputerDAO.java:deleteComputer:173) computer not deleted
2018-03-21 11:28:56,603 [INFO ] (ComputerDAO.java:updateComputer:151) computer updated
2018-03-21 11:28:56,619 [INFO ] (ComputerDAO.java:createComputer:106) computer added with id : 818
2018-03-21 11:28:56,634 [INFO ] (ComputerDAO.java:deleteComputer:173) computer not deleted
2018-03-21 11:31:34,998 [INFO ] (ComputerDAO.java:updateComputer:151) computer updated
2018-03-21 11:31:35,008 [INFO ] (ComputerDAO.java:createComputer:106) computer added with id : 819
2018-03-21 11:31:35,022 [INFO ] (ComputerDAO.java:deleteComputer:173) computer not deleted
2018-03-21 11:32:35,329 [INFO ] (ComputerDAO.java:updateComputer:151) computer updated
2018-03-21 11:32:35,340 [INFO ] (ComputerDAO.java:createComputer:106) computer added with id : 820
2018-03-21 11:32:35,356 [INFO ] (ComputerDAO.java:deleteComputer:173) computer not deleted
2018-03-21 11:33:39,081 [INFO ] (ComputerDAO.java:updateComputer:151) computer updated
2018-03-21 11:33:39,091 [INFO ] (ComputerDAO.java:createComputer:106) computer added with id : 821
2018-03-21 11:33:39,105 [INFO ] (ComputerDAO.java:deleteComputer:173) computer not deleted
2018-03-21 11:47:20,272 [INFO ] (ComputerDAO.java:updateComputer:151) computer updated
2018-03-21 11:47:20,283 [INFO ] (ComputerDAO.java:createComputer:106) computer added with id : 822
2018-03-21 11:47:20,299 [INFO ] (ComputerDAO.java:deleteComputer:173) computer not deleted
2018-03-21 11:54:15,943 [INFO ] (ComputerDAO.java:updateComputer:151) computer updated
2018-03-21 11:54:15,955 [INFO ] (ComputerDAO.java:createComputer:106) computer added with id : 823
2018-03-21 11:54:15,968 [INFO ] (ComputerDAO.java:deleteComputer:173) computer not deleted
2018-03-21 11:55:41,121 [INFO ] (ComputerDAO.java:updateComputer:151) computer updated
2018-03-21 11:55:41,135 [INFO ] (ComputerDAO.java:createComputer:106) computer added with id : 824
2018-03-21 11:55:41,151 [INFO ] (ComputerDAO.java:deleteComputer:173) computer not deleted
2018-03-21 11:57:20,542 [INFO ] (ComputerDAO.java:updateComputer:151) computer updated
2018-03-21 11:57:20,553 [INFO ] (ComputerDAO.java:createComputer:106) computer added with id : 825
2018-03-21 11:57:20,574 [INFO ] (ComputerDAO.java:deleteComputer:173) computer not deleted
2018-03-21 11:57:53,840 [INFO ] (ComputerDAO.java:updateComputer:151) computer updated
2018-03-21 11:57:53,851 [INFO ] (ComputerDAO.java:createComputer:106) computer added with id : 826
2018-03-21 11:57:53,866 [INFO ] (ComputerDAO.java:deleteComputer:173) computer not deleted
2018-03-21 11:58:16,455 [INFO ] (ComputerDAO.java:updateComputer:151) computer updated
2018-03-21 11:58:16,471 [INFO ] (ComputerDAO.java:createComputer:106) computer added with id : 827
2018-03-21 11:58:16,487 [INFO ] (ComputerDAO.java:deleteComputer:173) computer not deleted
2018-03-21 11:59:00,581 [INFO ] (ComputerDAO.java:updateComputer:151) computer updated
2018-03-21 11:59:00,592 [INFO ] (ComputerDAO.java:createComputer:106) computer added with id : 828
2018-03-21 11:59:00,604 [INFO ] (ComputerDAO.java:deleteComputer:173) computer not deleted
2018-03-21 12:00:15,343 [INFO ] (ComputerDAO.java:updateComputer:151) computer updated
2018-03-21 12:00:15,353 [INFO ] (ComputerDAO.java:createComputer:106) computer added with id : 829
2018-03-21 12:00:15,368 [INFO ] (ComputerDAO.java:deleteComputer:173) computer not deleted
2018-03-21 12:01:11,727 [INFO ] (ComputerDAO.java:updateComputer:151) computer updated
2018-03-21 12:01:11,742 [INFO ] (ComputerDAO.java:createComputer:106) computer added with id : 830
2018-03-21 12:01:11,758 [INFO ] (ComputerDAO.java:deleteComputer:173) computer not deleted
2018-03-21 12:01:44,064 [INFO ] (ComputerDAO.java:updateComputer:151) computer updated
2018-03-21 12:01:44,076 [INFO ] (ComputerDAO.java:createComputer:106) computer added with id : 831
2018-03-21 12:01:44,092 [INFO ] (ComputerDAO.java:deleteComputer:173) computer not deleted
2018-03-21 14:24:27,843 [INFO ] (ComputerDAO.java:updateComputer:151) computer updated
2018-03-21 14:24:27,855 [INFO ] (ComputerDAO.java:createComputer:106) computer added with id : 832
2018-03-21 14:24:27,870 [INFO ] (ComputerDAO.java:deleteComputer:173) computer not deleted
2018-03-21 14:25:39,927 [INFO ] (ComputerDAO.java:updateComputer:151) computer updated
2018-03-21 14:25:39,937 [INFO ] (ComputerDAO.java:createComputer:106) computer added with id : 833
2018-03-21 14:25:39,952 [INFO ] (ComputerDAO.java:deleteComputer:173) computer not deleted
2018-03-21 14:27:41,999 [INFO ] (ComputerDAO.java:updateComputer:151) computer updated
2018-03-21 14:27:42,009 [INFO ] (ComputerDAO.java:createComputer:106) computer added with id : 834
2018-03-21 14:27:42,023 [INFO ] (ComputerDAO.java:deleteComputer:173) computer not deleted
2018-03-21 14:38:12,728 [INFO ] (ComputerDAO.java:updateComputer:151) computer updated
2018-03-21 14:38:12,738 [INFO ] (ComputerDAO.java:createComputer:106) computer added with id : 835
2018-03-21 14:38:12,752 [INFO ] (ComputerDAO.java:deleteComputer:173) computer not deleted
2018-03-21 14:38:43,553 [INFO ] (ComputerDAO.java:updateComputer:151) computer updated
2018-03-21 14:38:43,563 [INFO ] (ComputerDAO.java:createComputer:106) computer added with id : 836
2018-03-21 14:38:43,583 [INFO ] (ComputerDAO.java:deleteComputer:173) computer not deleted
2018-03-21 14:39:35,192 [INFO ] (ComputerDAO.java:updateComputer:151) computer updated
2018-03-21 14:39:35,204 [INFO ] (ComputerDAO.java:createComputer:106) computer added with id : 837
2018-03-21 14:39:35,219 [INFO ] (ComputerDAO.java:deleteComputer:173) computer not deleted
2018-03-21 15:21:24,535 [INFO ] (ComputerDAO.java:updateComputer:151) computer updated
2018-03-21 15:21:24,545 [INFO ] (ComputerDAO.java:createComputer:106) computer added with id : 838
2018-03-21 15:21:24,559 [INFO ] (ComputerDAO.java:deleteComputer:173) computer not deleted
2018-03-21 15:22:06,922 [INFO ] (ComputerDAO.java:updateComputer:151) computer updated
2018-03-21 15:22:06,932 [INFO ] (ComputerDAO.java:createComputer:106) computer added with id : 839
2018-03-21 15:22:06,946 [INFO ] (ComputerDAO.java:deleteComputer:173) computer not deleted
2018-03-21 15:23:32,764 [INFO ] (ComputerDAO.java:updateComputer:151) computer updated
2018-03-21 15:23:32,774 [INFO ] (ComputerDAO.java:createComputer:106) computer added with id : 840
2018-03-21 15:23:32,790 [INFO ] (ComputerDAO.java:deleteComputer:173) computer not deleted
2018-03-21 15:25:04,909 [INFO ] (ComputerDAO.java:updateComputer:151) computer updated
2018-03-21 15:25:04,919 [INFO ] (ComputerDAO.java:createComputer:106) computer added with id : 841
2018-03-21 15:25:04,933 [INFO ] (ComputerDAO.java:deleteComputer:173) computer not deleted
2018-03-21 15:32:41,858 [INFO ] (ComputerDAO.java:updateComputer:151) computer updated
2018-03-21 15:32:41,874 [INFO ] (ComputerDAO.java:createComputer:106) computer added with id : 842
2018-03-21 15:32:41,890 [INFO ] (ComputerDAO.java:deleteComputer:173) computer not deleted
2018-03-21 15:33:18,925 [INFO ] (ComputerDAO.java:updateComputer:151) computer updated
2018-03-21 15:33:18,937 [INFO ] (ComputerDAO.java:createComputer:106) computer added with id : 843
2018-03-21 15:33:18,956 [INFO ] (ComputerDAO.java:deleteComputer:173) computer not deleted
2018-03-21 15:35:33,315 [INFO ] (ComputerDAO.java:updateComputer:151) computer updated
2018-03-21 15:35:33,325 [INFO ] (ComputerDAO.java:createComputer:106) computer added with id : 844
2018-03-21 15:35:33,339 [INFO ] (ComputerDAO.java:deleteComputer:173) computer not deleted
2018-03-21 15:47:28,785 [INFO ] (ComputerDAO.java:updateComputer:151) computer updated
2018-03-21 15:47:28,800 [INFO ] (ComputerDAO.java:createComputer:106) computer added with id : 845
2018-03-21 15:47:28,815 [INFO ] (ComputerDAO.java:deleteComputer:173) computer not deleted
2018-03-21 15:47:57,762 [INFO ] (ComputerDAO.java:updateComputer:151) computer updated
2018-03-21 15:47:57,775 [INFO ] (ComputerDAO.java:createComputer:106) computer added with id : 846
2018-03-21 15:47:57,796 [INFO ] (ComputerDAO.java:deleteComputer:173) computer not deleted
2018-03-21 15:48:28,234 [INFO ] (ComputerDAO.java:updateComputer:151) computer updated
2018-03-21 15:48:28,244 [INFO ] (ComputerDAO.java:createComputer:106) computer added with id : 847
2018-03-21 15:48:28,263 [INFO ] (ComputerDAO.java:deleteComputer:173) computer not deleted
2018-03-21 15:49:30,384 [INFO ] (ComputerDAO.java:updateComputer:151) computer updated
2018-03-21 15:49:30,400 [INFO ] (ComputerDAO.java:createComputer:106) computer added with id : 848
2018-03-21 15:49:30,416 [INFO ] (ComputerDAO.java:deleteComputer:173) computer not deleted
2018-03-21 15:50:02,483 [INFO ] (ComputerDAO.java:updateComputer:151) computer updated
2018-03-21 15:50:02,493 [INFO ] (ComputerDAO.java:createComputer:106) computer added with id : 849
2018-03-21 15:50:02,508 [INFO ] (ComputerDAO.java:deleteComputer:173) computer not deleted
2018-03-21 15:50:53,618 [INFO ] (ComputerDAO.java:updateComputer:151) computer updated
2018-03-21 15:50:53,630 [INFO ] (ComputerDAO.java:createComputer:106) computer added with id : 850
2018-03-21 15:50:53,645 [INFO ] (ComputerDAO.java:deleteComputer:173) computer not deleted
2018-03-21 15:51:45,539 [INFO ] (ComputerDAO.java:updateComputer:151) computer updated
2018-03-21 15:51:45,550 [INFO ] (ComputerDAO.java:createComputer:106) computer added with id : 851
2018-03-21 15:51:45,565 [INFO ] (ComputerDAO.java:deleteComputer:173) computer not deleted
2018-03-21 15:52:51,050 [INFO ] (ComputerDAO.java:updateComputer:151) computer updated
2018-03-21 15:52:51,061 [INFO ] (ComputerDAO.java:createComputer:106) computer added with id : 852
2018-03-21 15:52:51,078 [INFO ] (ComputerDAO.java:deleteComputer:173) computer not deleted
2018-03-21 15:54:16,314 [INFO ] (ComputerDAO.java:updateComputer:151) computer updated
2018-03-21 15:54:16,326 [INFO ] (ComputerDAO.java:createComputer:106) computer added with id : 853
2018-03-21 15:54:16,340 [INFO ] (ComputerDAO.java:deleteComputer:173) computer not deleted
2018-03-21 15:54:30,721 [INFO ] (ComputerDAO.java:updateComputer:151) computer updated
2018-03-21 15:54:30,736 [INFO ] (ComputerDAO.java:createComputer:106) computer added with id : 854
2018-03-21 15:54:30,751 [INFO ] (ComputerDAO.java:deleteComputer:173) computer not deleted
2018-03-21 15:55:36,903 [INFO ] (ComputerDAO.java:updateComputer:151) computer updated
2018-03-21 15:55:36,914 [INFO ] (ComputerDAO.java:createComputer:106) computer added with id : 855
2018-03-21 15:55:36,928 [INFO ] (ComputerDAO.java:deleteComputer:173) computer not deleted
2018-03-21 16:14:41,905 [INFO ] (ComputerDAO.java:updateComputer:151) computer updated
2018-03-21 16:14:41,916 [INFO ] (ComputerDAO.java:createComputer:106) computer added with id : 856
2018-03-21 16:14:41,930 [INFO ] (ComputerDAO.java:deleteComputer:173) computer not deleted
2018-03-21 16:15:16,002 [INFO ] (ComputerDAO.java:updateComputer:151) computer updated
2018-03-21 16:15:16,013 [INFO ] (ComputerDAO.java:createComputer:106) computer added with id : 857
2018-03-21 16:15:16,028 [INFO ] (ComputerDAO.java:deleteComputer:173) computer not deleted
2018-03-21 16:17:26,931 [INFO ] (ComputerDAO.java:updateComputer:151) computer updated
2018-03-21 16:17:26,941 [INFO ] (ComputerDAO.java:createComputer:106) computer added with id : 858
2018-03-21 16:17:26,961 [INFO ] (ComputerDAO.java:deleteComputer:173) computer not deleted
2018-03-21 16:18:07,573 [INFO ] (ComputerDAO.java:updateComputer:151) computer updated
2018-03-21 16:18:07,583 [INFO ] (ComputerDAO.java:createComputer:106) computer added with id : 859
2018-03-21 16:18:07,598 [INFO ] (ComputerDAO.java:deleteComputer:173) computer not deleted
2018-03-21 16:19:19,907 [INFO ] (ComputerDAO.java:updateComputer:151) computer updated
2018-03-21 16:19:19,918 [INFO ] (ComputerDAO.java:createComputer:106) computer added with id : 860
2018-03-21 16:19:19,936 [INFO ] (ComputerDAO.java:deleteComputer:173) computer not deleted
2018-03-21 16:20:10,126 [INFO ] (ComputerDAO.java:updateComputer:151) computer updated
2018-03-21 16:20:10,137 [INFO ] (ComputerDAO.java:createComputer:106) computer added with id : 861
2018-03-21 16:20:10,152 [INFO ] (ComputerDAO.java:deleteComputer:173) computer not deleted
2018-03-21 16:21:23,348 [INFO ] (ComputerDAO.java:updateComputer:151) computer updated
2018-03-21 16:21:23,360 [INFO ] (ComputerDAO.java:createComputer:106) computer added with id : 862
2018-03-21 16:21:23,376 [INFO ] (ComputerDAO.java:deleteComputer:173) computer not deleted
2018-03-21 16:22:52,912 [INFO ] (ComputerDAO.java:updateComputer:151) computer updated
2018-03-21 16:22:52,924 [INFO ] (ComputerDAO.java:createComputer:106) computer added with id : 863
2018-03-21 16:22:52,939 [INFO ] (ComputerDAO.java:deleteComputer:173) computer not deleted
2018-03-21 16:25:22,545 [INFO ] (ComputerDAO.java:updateComputer:151) computer updated
2018-03-21 16:25:22,558 [INFO ] (ComputerDAO.java:createComputer:106) computer added with id : 864
2018-03-21 16:25:22,576 [INFO ] (ComputerDAO.java:deleteComputer:173) computer not deleted
2018-03-21 16:28:16,414 [INFO ] (ComputerDAO.java:updateComputer:151) computer updated
2018-03-21 16:28:16,424 [INFO ] (ComputerDAO.java:createComputer:106) computer added with id : 865
2018-03-21 16:28:16,440 [INFO ] (ComputerDAO.java:deleteComputer:173) computer not deleted
2018-03-21 16:30:16,621 [INFO ] (ComputerDAO.java:updateComputer:151) computer updated
2018-03-21 16:30:16,631 [INFO ] (ComputerDAO.java:createComputer:106) computer added with id : 866
2018-03-21 16:30:16,647 [INFO ] (ComputerDAO.java:deleteComputer:173) computer not deleted
2018-03-21 16:36:38,131 [INFO ] (ComputerDAO.java:updateComputer:151) computer updated
2018-03-21 16:36:38,141 [INFO ] (ComputerDAO.java:createComputer:106) computer added with id : 867
2018-03-21 16:36:38,155 [INFO ] (ComputerDAO.java:deleteComputer:173) computer not deleted
2018-03-21 16:38:18,160 [INFO ] (ComputerDAO.java:updateComputer:151) computer updated
2018-03-21 16:38:18,170 [INFO ] (ComputerDAO.java:createComputer:106) computer added with id : 868
2018-03-21 16:38:18,184 [INFO ] (ComputerDAO.java:deleteComputer:173) computer not deleted
2018-03-21 16:44:05,262 [INFO ] (ComputerDAO.java:updateComputer:151) computer updated
2018-03-21 16:44:05,274 [INFO ] (ComputerDAO.java:createComputer:106) computer added with id : 869
2018-03-21 16:44:05,290 [INFO ] (ComputerDAO.java:deleteComputer:173) computer not deleted
2018-03-21 17:01:24,917 [INFO ] (ComputerDAO.java:updateComputer:151) computer updated
2018-03-21 17:01:24,930 [INFO ] (ComputerDAO.java:createComputer:106) computer added with id : 870
2018-03-21 17:01:24,947 [INFO ] (ComputerDAO.java:deleteComputer:173) computer not deleted
2018-03-21 17:05:53,265 [INFO ] (ComputerDAO.java:updateComputer:151) computer updated
2018-03-21 17:05:53,277 [INFO ] (ComputerDAO.java:createComputer:106) computer added with id : 871
2018-03-21 17:05:53,294 [INFO ] (ComputerDAO.java:deleteComputer:173) computer not deleted
2018-03-21 17:06:49,220 [INFO ] (ComputerDAO.java:updateComputer:151) computer updated
2018-03-21 17:06:49,232 [INFO ] (ComputerDAO.java:createComputer:106) computer added with id : 872
2018-03-21 17:06:49,249 [INFO ] (ComputerDAO.java:deleteComputer:173) computer not deleted
2018-03-21 17:13:19,676 [INFO ] (ComputerDAO.java:updateComputer:151) computer updated
2018-03-21 17:13:19,687 [INFO ] (ComputerDAO.java:createComputer:106) computer added with id : 873
2018-03-21 17:13:19,702 [INFO ] (ComputerDAO.java:deleteComputer:173) computer not deleted
2018-03-21 17:22:36,997 [INFO ] (ComputerDAO.java:updateComputer:151) computer updated
2018-03-21 17:22:37,016 [INFO ] (ComputerDAO.java:createComputer:106) computer added with id : 874
2018-03-21 17:22:37,030 [INFO ] (ComputerDAO.java:deleteComputer:173) computer not deleted
2018-03-21 17:24:37,317 [INFO ] (ComputerDAO.java:updateComputer:151) computer updated
2018-03-21 17:24:37,331 [INFO ] (ComputerDAO.java:createComputer:106) computer added with id : 875
2018-03-21 17:24:37,353 [INFO ] (ComputerDAO.java:deleteComputer:173) computer not deleted
2018-03-21 17:25:25,682 [INFO ] (ComputerDAO.java:updateComputer:151) computer updated
2018-03-21 17:25:25,696 [INFO ] (ComputerDAO.java:createComputer:106) computer added with id : 876
2018-03-21 17:25:25,712 [INFO ] (ComputerDAO.java:deleteComputer:173) computer not deleted
2018-03-21 17:32:57,088 [INFO ] (ComputerDAO.java:updateComputer:151) computer updated
2018-03-21 17:32:57,098 [INFO ] (ComputerDAO.java:createComputer:106) computer added with id : 877
2018-03-21 17:32:57,113 [INFO ] (ComputerDAO.java:deleteComputer:173) computer not deleted
2018-03-21 17:36:04,621 [INFO ] (ComputerDAO.java:updateComputer:151) computer updated
2018-03-21 17:36:04,637 [INFO ] (ComputerDAO.java:createComputer:106) computer added with id : 878
2018-03-21 17:36:04,659 [INFO ] (ComputerDAO.java:deleteComputer:173) computer not deleted
2018-03-21 17:36:39,439 [INFO ] (ComputerDAO.java:updateComputer:151) computer updated
2018-03-21 17:36:39,449 [INFO ] (ComputerDAO.java:createComputer:106) computer added with id : 879
2018-03-21 17:36:39,465 [INFO ] (ComputerDAO.java:deleteComputer:173) computer not deleted
2018-03-21 17:38:05,806 [INFO ] (ComputerDAO.java:updateComputer:151) computer updated
2018-03-21 17:38:05,816 [INFO ] (ComputerDAO.java:createComputer:106) computer added with id : 880
2018-03-21 17:38:05,830 [INFO ] (ComputerDAO.java:deleteComputer:173) computer not deleted
2018-03-21 17:39:10,408 [INFO ] (ComputerDAO.java:updateComputer:151) computer updated
2018-03-21 17:39:10,424 [INFO ] (ComputerDAO.java:createComputer:106) computer added with id : 881
2018-03-21 17:39:10,441 [INFO ] (ComputerDAO.java:deleteComputer:173) computer not deleted
2018-03-21 17:39:57,545 [INFO ] (ComputerDAO.java:updateComputer:151) computer updated
2018-03-21 17:39:57,556 [INFO ] (ComputerDAO.java:createComputer:106) computer added with id : 882
2018-03-21 17:39:57,570 [INFO ] (ComputerDAO.java:deleteComputer:173) computer not deleted
2018-03-21 17:40:58,483 [INFO ] (ComputerDAO.java:updateComputer:151) computer updated
2018-03-21 17:40:58,497 [INFO ] (ComputerDAO.java:createComputer:106) computer added with id : 883
2018-03-21 17:40:58,511 [INFO ] (ComputerDAO.java:deleteComputer:173) computer not deleted
2018-03-21 17:42:37,314 [INFO ] (ComputerDAO.java:updateComputer:151) computer updated
2018-03-21 17:42:37,325 [INFO ] (ComputerDAO.java:createComputer:106) computer added with id : 884
2018-03-21 17:42:37,339 [INFO ] (ComputerDAO.java:deleteComputer:173) computer not deleted
2018-03-21 17:43:28,371 [INFO ] (ComputerDAO.java:updateComputer:151) computer updated
2018-03-21 17:43:28,383 [INFO ] (ComputerDAO.java:createComputer:106) computer added with id : 885
2018-03-21 17:43:28,399 [INFO ] (ComputerDAO.java:deleteComputer:173) computer not deleted
2018-03-21 17:44:11,996 [INFO ] (ComputerDAO.java:updateComputer:151) computer updated
2018-03-21 17:44:12,011 [INFO ] (ComputerDAO.java:createComputer:106) computer added with id : 886
2018-03-21 17:44:12,025 [INFO ] (ComputerDAO.java:deleteComputer:173) computer not deleted
2018-03-21 17:46:45,583 [INFO ] (ComputerDAO.java:updateComputer:151) computer updated
2018-03-21 17:46:45,594 [INFO ] (ComputerDAO.java:createComputer:106) computer added with id : 887
2018-03-21 17:46:45,610 [INFO ] (ComputerDAO.java:deleteComputer:173) computer not deleted
2018-03-21 18:09:14,476 [INFO ] (ComputerDAO.java:updateComputer:151) computer updated
2018-03-21 18:09:14,487 [INFO ] (ComputerDAO.java:createComputer:106) computer added with id : 888
2018-03-21 18:09:14,502 [INFO ] (ComputerDAO.java:deleteComputer:173) computer not deleted
2018-03-21 18:10:12,344 [INFO ] (ComputerDAO.java:updateComputer:151) computer updated
2018-03-21 18:10:12,356 [INFO ] (ComputerDAO.java:createComputer:106) computer added with id : 889
2018-03-21 18:10:12,372 [INFO ] (ComputerDAO.java:deleteComputer:173) computer not deleted
2018-03-21 18:17:53,891 [INFO ] (ComputerDAO.java:updateComputer:151) computer updated
2018-03-21 18:17:53,902 [INFO ] (ComputerDAO.java:createComputer:106) computer added with id : 890
2018-03-21 18:17:53,928 [INFO ] (ComputerDAO.java:deleteComputer:173) computer not deleted
2018-03-21 18:18:36,913 [INFO ] (ComputerDAO.java:updateComputer:151) computer updated
2018-03-21 18:18:36,925 [INFO ] (ComputerDAO.java:createComputer:106) computer added with id : 891
2018-03-21 18:18:36,941 [INFO ] (ComputerDAO.java:deleteComputer:173) computer not deleted
2018-03-21 18:21:53,710 [INFO ] (ComputerDAO.java:updateComputer:151) computer updated
2018-03-21 18:21:53,722 [INFO ] (ComputerDAO.java:createComputer:106) computer added with id : 892
2018-03-21 18:21:53,737 [INFO ] (ComputerDAO.java:deleteComputer:173) computer not deleted
2018-03-21 18:23:16,198 [INFO ] (ComputerDAO.java:updateComputer:151) computer updated
2018-03-21 18:23:16,211 [INFO ] (ComputerDAO.java:createComputer:106) computer added with id : 893
2018-03-21 18:23:16,230 [INFO ] (ComputerDAO.java:deleteComputer:173) computer not deleted
2018-03-21 18:25:34,121 [INFO ] (ComputerDAO.java:updateComputer:151) computer updated
2018-03-21 18:25:34,133 [INFO ] (ComputerDAO.java:createComputer:106) computer added with id : 894
2018-03-21 18:25:34,152 [INFO ] (ComputerDAO.java:deleteComputer:173) computer not deleted
2018-03-21 18:27:26,113 [INFO ] (ComputerDAO.java:updateComputer:151) computer updated
2018-03-21 18:27:26,130 [INFO ] (ComputerDAO.java:createComputer:106) computer added with id : 895
2018-03-21 18:27:26,145 [INFO ] (ComputerDAO.java:deleteComputer:173) computer not deleted
2018-03-21 18:29:51,974 [INFO ] (ComputerDAO.java:updateComputer:151) computer updated
2018-03-21 18:29:51,985 [INFO ] (ComputerDAO.java:createComputer:106) computer added with id : 896
2018-03-21 18:29:52,000 [INFO ] (ComputerDAO.java:deleteComputer:173) computer not deleted
2018-03-21 18:31:28,956 [INFO ] (ComputerDAO.java:updateComputer:151) computer updated
2018-03-21 18:31:28,970 [INFO ] (ComputerDAO.java:createComputer:106) computer added with id : 897
2018-03-21 18:31:28,984 [INFO ] (ComputerDAO.java:deleteComputer:173) computer not deleted
2018-03-22 08:55:22,918 [INFO ] (ComputerDAO.java:updateComputer:151) computer updated
2018-03-22 08:55:22,928 [INFO ] (ComputerDAO.java:createComputer:106) computer added with id : 898
2018-03-22 08:55:22,943 [INFO ] (ComputerDAO.java:deleteComputer:173) computer not deleted
2018-03-22 09:12:47,099 [INFO ] (ComputerDAO.java:updateComputer:151) computer updated
2018-03-22 09:12:47,110 [INFO ] (ComputerDAO.java:createComputer:106) computer added with id : 899
2018-03-22 09:12:47,136 [INFO ] (ComputerDAO.java:deleteComputer:173) computer not deleted
2018-03-22 11:11:58,149 [INFO ] (ComputerService.java:createComputer:68) Date problem : the discontinued date must be greater than the introduced date
2018-03-22 11:12:29,197 [INFO ] (ComputerDAO.java:createComputer:120) computer added with id : 900
2018-03-22 11:42:57,725 [INFO ] (ComputerDAO.java:deleteComputer:198) computer deleted
2018-03-22 11:43:05,685 [INFO ] (ComputerDAO.java:deleteComputer:198) computer deleted
2018-03-22 14:16:27,076 [INFO ] (ComputerDAO.java:createComputer:120) computer added with id : 901
2018-03-22 14:16:59,050 [INFO ] (ComputerDAO.java:deleteComputer:198) computer deleted
2018-03-22 14:17:29,879 [INFO ] (ComputerService.java:createComputer:68)  The name of the computer is mandatory
2018-03-22 17:43:31,424 [INFO ] (ComputerDAO.java:createComputer:120) computer added with id : 902
2018-03-23 10:05:42,025 [INFO ] (ComputerDAO.java:createComputer:120) computer added with id : 911
2018-03-23 10:29:21,754 [INFO ] (ComputerDAO.java:updateComputer:173) computer updated
2018-03-23 10:29:21,767 [INFO ] (ComputerDAO.java:createComputer:120) computer added with id : 913
2018-03-23 10:29:21,783 [INFO ] (ComputerDAO.java:deleteComputer:200) computer not deleted
2018-03-23 10:30:32,351 [INFO ] (ComputerDAO.java:updateComputer:173) computer updated
2018-03-23 10:30:32,377 [INFO ] (ComputerDAO.java:createComputer:120) computer added with id : 914
2018-03-23 10:30:32,398 [INFO ] (ComputerDAO.java:deleteComputer:200) computer not deleted
2018-03-23 10:30:58,712 [INFO ] (ComputerDAO.java:updateComputer:173) computer updated
2018-03-23 10:30:58,724 [INFO ] (ComputerDAO.java:createComputer:120) computer added with id : 915
2018-03-23 10:30:58,746 [INFO ] (ComputerDAO.java:deleteComputer:200) computer not deleted
2018-03-23 12:14:30,436 [INFO ] (ComputerDAO.java:createComputer:120) computer added with id : 920
