2018-03-16 17:42:36,066 [INFO ] (ComputerDAO.java:updateComputer:151) computer updated
2018-03-16 17:43:41,706 [INFO ] (ComputerDAO.java:createComputer:105) computer added with id : 779
2018-03-19 09:38:10,880 [INFO ] (ComputerDAO.java:createComputer:105) computer added with id : 780
2018-03-19 10:43:16,663 [INFO ] (ComputerDAO.java:createComputer:106) computer added with id : 781
2018-03-19 10:43:45,242 [INFO ] (ComputerDAO.java:deleteComputer:173) computer deleted
2018-03-19 10:44:29,353 [INFO ] (ComputerDAO.java:createComputer:106) computer added with id : 782
2018-03-19 10:48:01,731 [INFO ] (ComputerDAO.java:deleteComputer:173) computer deleted
2018-03-19 10:48:08,747 [INFO ] (ComputerDAO.java:deleteComputer:175) computer not deleted
2018-03-19 10:57:26,233 [INFO ] (ComputerDAO.java:deleteComputer:173) computer deleted
2018-03-19 11:04:09,703 [INFO ] (ComputerDAO.java:updateComputer:152) computer updated
2018-03-19 11:18:33,133 [INFO ] (ComputerDAO.java:createComputer:106) computer added with id : 784
2018-03-19 11:21:02,495 [INFO ] (ComputerDAO.java:createComputer:106) computer added with id : 785
2018-03-19 12:26:59,985 [INFO ] (ComputerDAO.java:updateComputer:152) computer updated
2018-03-19 12:27:00,019 [INFO ] (ComputerDAO.java:createComputer:106) computer added with id : 786
2018-03-19 12:27:00,057 [INFO ] (ComputerDAO.java:deleteComputer:175) computer not deleted
2018-03-19 12:30:13,589 [INFO ] (ComputerDAO.java:updateComputer:152) computer updated
2018-03-19 12:30:13,608 [INFO ] (ComputerDAO.java:createComputer:106) computer added with id : 787
2018-03-19 12:30:13,623 [INFO ] (ComputerDAO.java:deleteComputer:175) computer not deleted
2018-03-19 14:33:16,585 [INFO ] (ComputerDAO.java:updateComputer:152) computer updated
2018-03-19 14:33:16,624 [INFO ] (ComputerDAO.java:createComputer:106) computer added with id : 788
2018-03-19 14:33:16,654 [INFO ] (ComputerDAO.java:deleteComputer:175) computer not deleted
2018-03-19 14:46:00,766 [INFO ] (ComputerDAO.java:updateComputer:152) computer updated
2018-03-19 14:46:00,781 [INFO ] (ComputerDAO.java:createComputer:106) computer added with id : 789
2018-03-19 14:46:00,794 [INFO ] (ComputerDAO.java:deleteComputer:175) computer not deleted
2018-03-19 14:46:22,940 [INFO ] (ComputerDAO.java:updateComputer:152) computer updated
2018-03-19 14:46:22,954 [INFO ] (ComputerDAO.java:createComputer:106) computer added with id : 790
2018-03-19 14:46:22,970 [INFO ] (ComputerDAO.java:deleteComputer:175) computer not deleted
2018-03-19 16:17:59,253 [INFO ] (?:logInfoEvent:?) Checkpoint start
2018-03-19 16:17:59,255 [INFO ] (?:logInfoEvent:?) checkpointClose start
2018-03-19 16:17:59,262 [INFO ] (?:logInfoEvent:?) checkpointClose synched
2018-03-19 16:17:59,272 [INFO ] (?:logInfoEvent:?) checkpointClose script done
2018-03-19 16:17:59,284 [INFO ] (?:logInfoEvent:?) checkpointClose end
2018-03-19 16:17:59,284 [INFO ] (?:logInfoEvent:?) Checkpoint end - txts: 1
2018-03-19 16:19:00,509 [INFO ] (?:logInfoEvent:?) Checkpoint start
2018-03-19 16:19:00,510 [INFO ] (?:logInfoEvent:?) checkpointClose start
2018-03-19 16:19:00,515 [INFO ] (?:logInfoEvent:?) checkpointClose synched
2018-03-19 16:19:00,523 [INFO ] (?:logInfoEvent:?) checkpointClose script done
2018-03-19 16:19:00,539 [INFO ] (?:logInfoEvent:?) checkpointClose end
2018-03-19 16:19:00,540 [INFO ] (?:logInfoEvent:?) Checkpoint end - txts: 1
2018-03-20 15:43:10,414 [INFO ] (SQLConnection.java:closeConnection:69) Could not create connection to database server.
2018-03-20 15:44:15,822 [INFO ] (SQLConnection.java:closeConnection:69) Could not create connection to database server.
2018-03-20 15:48:06,333 [INFO ] (SQLConnection.java:closeConnection:69) Could not create connection to database server.
2018-03-20 15:48:12,483 [INFO ] (SQLConnection.java:closeConnection:69) Could not create connection to database server.
2018-03-20 15:49:39,818 [INFO ] (SQLConnection.java:closeConnection:69) Could not create connection to database server.
2018-03-20 16:01:24,968 [INFO ] (SQLConnection.java:closeConnection:69) Could not create connection to database server.
2018-03-20 16:04:17,303 [INFO ] (SQLConnection.java:closeConnection:69) Could not create connection to database server.
2018-03-20 16:04:51,858 [INFO ] (SQLConnection.java:closeConnection:69) Could not create connection to database server.
2018-03-20 16:10:42,378 [INFO ] (SQLConnection.java:closeConnection:69) Could not create connection to database server.
2018-03-20 16:25:23,431 [INFO ] (SQLConnection.java:closeConnection:69) Could not create connection to database server.
2018-03-20 16:33:19,011 [INFO ] (ComputerDAO.java:deleteComputer:176) computer deleted
2018-03-20 16:55:19,068 [INFO ] (ComputerDAO.java:createComputer:109) computer added with id : 791
2018-03-20 17:11:05,634 [INFO ] (ComputerService.java:createComputer:67) ID not valid \n
2018-03-20 17:14:06,664 [INFO ] (ComputerDAO.java:createComputer:106) computer added with id : 792
